<?xml version="1.0" encoding="UTF-8"?>
<testsuite name="TestSuite" time="85.95" tests="2" errors="0" skipped="0" failures="1">
  <properties>
[...]
</properties>
  <testcase name="LOGIN" classname="Onboard.Loginpage" time="0.382"/>
  <testcase name="ADDINGEMPLOYEE" classname="Onboard.AddOB" time="85.568">
    <failure message="Cannot locate option with text: &#10;For documentation on this error, please visit: https://selenium.dev/exceptions/#no_such_element&#10;Build info: version: &apos;4.1.3&apos;, revision: &apos;7b1ebf28ef&apos;&#10;System info: host: &apos;LAPTOP-1E5DVH6K&apos;, ip: &apos;192.168.0.186&apos;, os.name: &apos;Windows 11&apos;, os.arch: &apos;amd64&apos;, os.version: &apos;10.0&apos;, java.version: &apos;18.0.2.1&apos;&#10;Driver info: driver.version: unknown" type="org.openqa.selenium.NoSuchElementException">org.openqa.selenium.NoSuchElementException: Cannot locate option with text: 
For documentation on this error, please visit: https://selenium.dev/exceptions/#no_such_element
Build info: version: '4.1.3', revision: '7b1ebf28ef'
System info: host: 'LAPTOP-1E5DVH6K', ip: '192.168.0.186', os.name: 'Windows 11', os.arch: 'amd64', os.version: '10.0', java.version: '18.0.2.1'
Driver info: driver.version: unknown
	at org.openqa.selenium.support.ui.Select.selectByVisibleText(Select.java:151)
	at Onboard.AddOB.ADDINGEMPLOYEE(AddOB.java:141)
</failure>
    <system-out><![CDATA[Username--Sanjit Kumar Sahoo====>[]
Username--Taraknath Kar====>[]
Username--Tarun Kumar====>[]
]]></system-out>
  </testcase>
</testsuite>